

times in msec
 clock   self+sourced   self:  sourced script
 clock   elapsed:              other lines

000.006  000.006: --- VIM STARTING ---
000.142  000.136: Allocated generic buffers
000.196  000.054: locale set
000.200  000.004: window checked
000.723  000.523: inits 1
000.747  000.024: parsing arguments
000.748  000.001: expanding arguments
000.770  000.022: shell init
000.992  000.222: Termcap init
001.006  000.014: inits 2
001.101  000.095: init highlight
008.041  002.414  002.414: sourcing /usr/share/vim/vim82/debian.vim
017.162  004.365  004.365: sourcing /usr/share/vim/vim82/colors/lists/default.vim
017.347  005.932  001.567: sourcing /usr/share/vim/vim82/syntax/syncolor.vim
017.453  006.753  000.821: sourcing /usr/share/vim/vim82/syntax/synload.vim
025.562  007.817  007.817: sourcing /usr/share/vim/vim82/filetype.vim
028.329  001.460  001.460: sourcing /usr/share/vim/vim82/scripts.vim
028.463  019.456  003.426: sourcing /usr/share/vim/vim82/syntax/syntax.vim
028.489  025.988  004.118: sourcing $VIM/vimrc
029.454  000.014  000.014: sourcing /usr/share/vim/vim82/filetype.vim
030.349  000.407  000.407: sourcing /usr/share/vim/vim82/ftplugin.vim
030.954  000.311  000.311: sourcing /usr/share/vim/vim82/indent.vim
033.535  001.229  001.229: sourcing /usr/share/vim/vim82/syntax/nosyntax.vim
033.968  000.151  000.151: sourcing /usr/share/vim/vim82/syntax/syncolor.vim
034.071  000.385  000.234: sourcing /usr/share/vim/vim82/syntax/synload.vim
034.219  002.565  000.951: sourcing /usr/share/vim/vim82/syntax/syntax.vim
034.313  005.359  002.062: sourcing $VIMRUNTIME/defaults.vim
034.317  001.869: sourcing vimrc file(s)
036.874  000.689  000.689: sourcing /usr/share/vim/vim82/plugin/getscriptPlugin.vim
038.018  001.052  001.052: sourcing /usr/share/vim/vim82/plugin/gzip.vim
039.114  000.982  000.982: sourcing /usr/share/vim/vim82/plugin/logiPat.vim
039.462  000.239  000.239: sourcing /usr/share/vim/vim82/plugin/manpager.vim
040.415  000.884  000.884: sourcing /usr/share/vim/vim82/plugin/matchparen.vim
042.394  001.864  001.864: sourcing /usr/share/vim/vim82/plugin/netrwPlugin.vim
043.022  000.446  000.446: sourcing /usr/share/vim/vim82/plugin/rrhelper.vim
043.474  000.337  000.337: sourcing /usr/share/vim/vim82/plugin/spellfile.vim
044.407  000.831  000.831: sourcing /usr/share/vim/vim82/plugin/tarPlugin.vim
045.230  000.648  000.648: sourcing /usr/share/vim/vim82/plugin/tohtml.vim
046.362  000.965  000.965: sourcing /usr/share/vim/vim82/plugin/vimballPlugin.vim
048.138  001.581  001.581: sourcing /usr/share/vim/vim82/plugin/zipPlugin.vim
048.152  003.317: loading plugins
048.327  000.175: loading packages
048.441  000.114: loading after plugins
048.472  000.031: inits 3
048.475  000.003: reading viminfo
048.486  000.011: setting raw mode
048.526  000.040: start termcap
049.665  001.139: clearing screen
049.923  000.258: opening buffers
050.047  000.124: BufEnter autocommands
050.049  000.002: editing files in windows
050.355  000.306: VimEnter autocommands
050.357  000.002: before starting main loop
050.959  000.602: first screen update
050.961  000.002: --- VIM STARTED ---


times in msec
 clock   self+sourced   self:  sourced script
 clock   elapsed:              other lines

000.009  000.009: --- NVIM STARTING ---
000.307  000.298: locale set
000.584  000.277: inits 1
000.596  000.011: window checked
000.601  000.006: parsing arguments
001.105  000.504: init lua interpreter
001.151  000.046: expanding arguments
001.193  000.042: inits 2
001.682  000.489: init highlight
001.685  000.003: waiting for UI
002.463  000.778: done waiting for UI
002.481  000.017: init screen for UI
002.510  000.030: init default mappings
002.547  000.036: init default autocommands
004.593  000.061  000.061: sourcing /home/charles/.local/share/bob/nightly/nvim-linux64/share/nvim/runtime/ftplugin.vim
005.009  000.036  000.036: sourcing /home/charles/.local/share/bob/nightly/nvim-linux64/share/nvim/runtime/indent.vim
005.433  000.205  000.205: sourcing /home/charles/.config/nvim/lua/autocommands.vim
006.125  000.629  000.629: sourcing /home/charles/.config/nvim/plugin/packer_compiled.lua
014.821  000.130  000.130: sourcing /home/charles/.local/share/nvim/site/pack/packer/start/gruvbox-material/autoload/gruvbox_material.vim
021.858  000.026  000.026: sourcing /home/charles/.local/share/nvim/site/pack/packer/start/gruvbox-material/after/syntax/text/gruvbox_material.vim
021.877  007.354  007.197: sourcing /home/charles/.local/share/nvim/site/pack/packer/start/gruvbox-material/colors/gruvbox-material.vim
039.217  000.116  000.116: sourcing /home/charles/.local/share/bob/nightly/nvim-linux64/share/nvim/runtime/syntax/synload.vim
039.306  000.790  000.674: sourcing /home/charles/.local/share/bob/nightly/nvim-linux64/share/nvim/runtime/syntax/syntax.vim
350.966  000.084  000.084: sourcing /home/charles/.local/share/nvim/site/pack/packer/start/wilder.nvim/autoload/wilder/lua.vim
352.423  001.036  001.036: sourcing /home/charles/.local/share/nvim/site/pack/packer/start/wilder.nvim/autoload/wilder.vim
352.947  000.066  000.066: sourcing /home/charles/.local/share/nvim/site/pack/packer/start/wilder.nvim/autoload/wilder/options.vim
353.442  000.038  000.038: sourcing /home/charles/.local/share/nvim/site/pack/packer/start/wilder.nvim/autoload/wilder/setup.vim
354.640  000.097  000.097: sourcing /home/charles/.local/share/nvim/site/pack/packer/start/wilder.nvim/autoload/wilder/cache.vim
355.328  001.182  001.085: sourcing /home/charles/.local/share/nvim/site/pack/packer/start/wilder.nvim/autoload/wilder/cmdline.vim
355.960  000.034  000.034: sourcing /home/charles/.local/share/nvim/site/pack/packer/start/wilder.nvim/autoload/wilder/pipe/subpipeline.vim
356.435  000.018  000.018: sourcing /home/charles/.local/share/nvim/site/pack/packer/start/wilder.nvim/autoload/wilder/pipe/check.vim
356.962  000.061  000.061: sourcing /home/charles/.local/share/nvim/site/pack/packer/start/wilder.nvim/autoload/wilder/pipe/result.vim
357.782  000.045  000.045: sourcing /home/charles/.local/share/nvim/site/pack/packer/start/wilder.nvim/autoload/wilder/pipe/branch.vim
358.670  000.039  000.039: sourcing /home/charles/.local/share/nvim/site/pack/packer/start/wilder.nvim/autoload/wilder/pipe/vim_search.vim
359.543  000.167  000.167: sourcing /home/charles/.local/share/nvim/site/pack/packer/start/wilder.nvim/autoload/wilder/highlighter.vim
362.433  002.188  002.188: sourcing /home/charles/.local/share/nvim/site/pack/packer/start/wilder.nvim/autoload/wilder/highlight.vim
365.023  000.055  000.055: sourcing /home/charles/.local/share/nvim/site/pack/packer/start/wilder.nvim/autoload/wilder/renderer/component/popupmenu_empty_message_with_spinner.vim
365.556  000.035  000.035: sourcing /home/charles/.local/share/nvim/site/pack/packer/start/wilder.nvim/autoload/wilder/renderer/component/spinner.vim
366.119  000.039  000.039: sourcing /home/charles/.local/share/nvim/site/pack/packer/start/wilder.nvim/autoload/wilder/renderer/component/popupmenu_empty_message.vim
366.898  000.179  000.179: sourcing /home/charles/.local/share/nvim/site/pack/packer/start/wilder.nvim/autoload/wilder/renderer/component/popupmenu_devicons.vim
367.612  000.043  000.043: sourcing /home/charles/.local/share/nvim/site/pack/packer/start/wilder.nvim/autoload/wilder/renderer/component/popupmenu_scrollbar.vim
368.341  000.162  000.162: sourcing /home/charles/.local/share/nvim/site/pack/packer/start/wilder.nvim/autoload/wilder/renderer/popupmenu_border_theme.vim
369.147  000.080  000.080: sourcing /home/charles/.local/share/nvim/site/pack/packer/start/wilder.nvim/autoload/wilder/renderer/component/popupmenu_error_message.vim
372.268  000.395  000.395: sourcing /home/charles/.local/share/nvim/site/pack/packer/start/wilder.nvim/autoload/wilder/renderer/popupmenu.vim
372.888  000.134  000.134: sourcing /home/charles/.local/share/nvim/site/pack/packer/start/wilder.nvim/autoload/wilder/render.vim
374.774  000.124  000.124: sourcing /home/charles/.local/share/nvim/site/pack/packer/start/wilder.nvim/autoload/wilder/renderer/nvim_api.vim
375.840  000.047  000.047: sourcing /home/charles/.local/share/nvim/site/pack/packer/start/wilder.nvim/autoload/wilder/renderer/component/wildmenu_spinner.vim
376.838  000.036  000.036: sourcing /home/charles/.local/share/nvim/site/pack/packer/start/wilder.nvim/autoload/wilder/renderer/component/wildmenu_index.vim
377.757  000.070  000.070: sourcing /home/charles/.local/share/nvim/site/pack/packer/start/wilder.nvim/autoload/wilder/renderer/wildmenu_float_or_popup.vim
378.360  000.166  000.166: sourcing /home/charles/.local/share/nvim/site/pack/packer/start/wilder.nvim/autoload/wilder/renderer/wildmenu.vim
381.556  000.159  000.159: sourcing /home/charles/.local/share/nvim/site/pack/packer/start/wilder.nvim/autoload/wilder/renderer/mux.vim
382.204  377.111  361.454: sourcing /home/charles/.config/nvim/init.lua
382.223  002.468: sourcing vimrc file(s)
383.390  000.021  000.021: sourcing /home/charles/.local/share/nvim/site/pack/packer/start/LuaSnip/ftdetect/snippets.vim
383.509  000.028  000.028: sourcing /home/charles/.local/share/nvim/site/pack/packer/start/cheatsheet.nvim/ftdetect/cheatsheet.vim
385.091  000.828  000.828: sourcing /home/charles/.local/share/nvim/site/pack/packer/start/vim-json/ftdetect/json.vim
385.227  000.064  000.064: sourcing /home/charles/.local/share/nvim/site/pack/packer/start/vim-markdown/ftdetect/markdown.vim
385.299  000.026  000.026: sourcing /home/charles/.local/share/nvim/site/pack/packer/start/vim-mustache-handlebars/ftdetect/handlebars.vim
385.336  000.022  000.022: sourcing /home/charles/.local/share/nvim/site/pack/packer/start/vim-mustache-handlebars/ftdetect/mustache.vim
385.433  000.035  000.035: sourcing /home/charles/.local/share/nvim/site/pack/packer/start/vim-toml/ftdetect/toml.vim
385.599  000.026  000.026: sourcing /home/charles/.local/share/nvim/site/pack/packer/start/vimtex/ftdetect/cls.vim
385.634  000.020  000.020: sourcing /home/charles/.local/share/nvim/site/pack/packer/start/vimtex/ftdetect/tex.vim
385.665  000.018  000.018: sourcing /home/charles/.local/share/nvim/site/pack/packer/start/vimtex/ftdetect/tikz.vim
386.640  003.529  002.443: sourcing /home/charles/.local/share/bob/nightly/nvim-linux64/share/nvim/runtime/filetype.lua
386.706  000.025  000.025: sourcing /home/charles/.local/share/bob/nightly/nvim-linux64/share/nvim/runtime/filetype.vim
389.069  000.203  000.203: sourcing /home/charles/.local/share/bob/nightly/nvim-linux64/share/nvim/runtime/plugin/gzip.vim
389.141  000.049  000.049: sourcing /home/charles/.local/share/bob/nightly/nvim-linux64/share/nvim/runtime/plugin/health.vim
389.216  000.054  000.054: sourcing /home/charles/.local/share/bob/nightly/nvim-linux64/share/nvim/runtime/plugin/man.vim
389.865  000.312  000.312: sourcing /home/charles/.local/share/bob/nightly/nvim-linux64/share/nvim/runtime/pack/dist/opt/matchit/plugin/matchit.vim
389.956  000.724  000.411: sourcing /home/charles/.local/share/bob/nightly/nvim-linux64/share/nvim/runtime/plugin/matchit.vim
390.117  000.143  000.143: sourcing /home/charles/.local/share/bob/nightly/nvim-linux64/share/nvim/runtime/plugin/matchparen.vim
390.154  000.020  000.020: sourcing /home/charles/.local/share/bob/nightly/nvim-linux64/share/nvim/runtime/plugin/netrwPlugin.vim
393.552  000.216  000.216: sourcing /home/charles/.local/share/bob/nightly/nvim-linux64/share/nvim/runtime/autoload/remote/host.vim
394.227  000.172  000.172: sourcing /home/charles/.local/share/bob/nightly/nvim-linux64/share/nvim/runtime/autoload/remote/define.vim
395.180  004.893  004.504: sourcing /home/charles/.local/share/nvim/rplugin.vim
395.195  005.026  000.134: sourcing /home/charles/.local/share/bob/nightly/nvim-linux64/share/nvim/runtime/plugin/rplugin.vim
395.308  000.084  000.084: sourcing /home/charles/.local/share/bob/nightly/nvim-linux64/share/nvim/runtime/plugin/shada.vim
395.363  000.031  000.031: sourcing /home/charles/.local/share/bob/nightly/nvim-linux64/share/nvim/runtime/plugin/spellfile.vim
395.538  000.159  000.159: sourcing /home/charles/.local/share/bob/nightly/nvim-linux64/share/nvim/runtime/plugin/tarPlugin.vim
395.651  000.084  000.084: sourcing /home/charles/.local/share/bob/nightly/nvim-linux64/share/nvim/runtime/plugin/tohtml.vim
395.690  000.021  000.021: sourcing /home/charles/.local/share/bob/nightly/nvim-linux64/share/nvim/runtime/plugin/tutor.vim
395.863  000.157  000.157: sourcing /home/charles/.local/share/bob/nightly/nvim-linux64/share/nvim/runtime/plugin/zipPlugin.vim
396.936  000.980  000.980: sourcing /home/charles/.config/nvim/plugin/packer_compiled.lua
397.165  003.653: loading rtp plugins
398.137  000.075  000.075: sourcing /home/charles/.local/share/nvim/site/pack/packer/start/AutoSave.nvim/plugin/ascmds.vim
398.906  000.157  000.157: sourcing /home/charles/.local/share/nvim/site/pack/packer/start/DAPInstall.nvim/plugin/dap-buddy.vim
399.350  000.331  000.331: sourcing /home/charles/.local/share/nvim/site/pack/packer/start/LuaSnip/plugin/luasnip.vim
399.745  000.086  000.086: sourcing /home/charles/.local/share/nvim/site/pack/packer/start/cheatsheet.nvim/plugin/cheatsheet.vim
400.313  000.351  000.351: sourcing /home/charles/.local/share/nvim/site/pack/packer/start/conflict-marker.vim/plugin/conflict_marker.vim
401.008  000.481  000.481: sourcing /home/charles/.local/share/nvim/site/pack/packer/start/distant.nvim/plugin/distant.vim
401.297  000.054  000.054: sourcing /home/charles/.local/share/nvim/site/pack/packer/start/fzf-lua/plugin/fzf-lua.vim
401.635  000.200  000.200: sourcing /home/charles/.local/share/nvim/site/pack/packer/start/git-blame.nvim/plugin/gitblame.vim
401.887  000.049  000.049: sourcing /home/charles/.local/share/nvim/site/pack/packer/start/glow.nvim/plugin/glow.lua
402.010  000.040  000.040: sourcing /home/charles/.local/share/nvim/site/pack/packer/start/harpoon/plugin/mark.vim
402.333  000.206  000.206: sourcing /home/charles/.local/share/nvim/site/pack/packer/start/hop.nvim/plugin/hop.vim
413.186  010.452  010.452: sourcing /home/charles/.local/share/nvim/site/pack/packer/start/indent-blankline.nvim/plugin/indent_blankline.vim
413.812  000.466  000.466: sourcing /home/charles/.local/share/nvim/site/pack/packer/start/lsp-colors.nvim/plugin/lsp-colors.vim
414.219  000.178  000.178: sourcing /home/charles/.local/share/nvim/site/pack/packer/start/markdown-preview.nvim/plugin/mkdp.vim
415.759  001.247  001.247: sourcing /home/charles/.local/share/nvim/site/pack/packer/start/nvim-cmp/plugin/cmp.lua
415.893  000.047  000.047: sourcing /home/charles/.local/share/nvim/site/pack/packer/start/nvim-colorizer.lua/plugin/colorizer.vim
416.208  000.199  000.199: sourcing /home/charles/.local/share/nvim/site/pack/packer/start/nvim-dap/plugin/dap.lua
416.438  000.109  000.109: sourcing /home/charles/.local/share/nvim/site/pack/packer/start/nvim-lsp-installer/plugin/nvim-lsp-installer.vim
416.723  000.153  000.153: sourcing /home/charles/.local/share/nvim/site/pack/packer/start/nvim-lspconfig/plugin/lspconfig.vim
422.248  005.184  005.184: sourcing /home/charles/.local/share/nvim/site/pack/packer/start/nvim-treesitter/plugin/nvim-treesitter.lua
422.456  000.061  000.061: sourcing /home/charles/.local/share/nvim/site/pack/packer/start/nvim-treesitter-context/plugin/treesitter-context.vim
422.900  000.299  000.299: sourcing /home/charles/.local/share/nvim/site/pack/packer/start/nvim-ts-autotag/plugin/nvim-ts-autotag.vim
423.662  000.653  000.653: sourcing /home/charles/.local/share/nvim/site/pack/packer/start/nvim-ts-context-commentstring/plugin/ts_context_commentstring.vim
424.703  000.920  000.920: sourcing /home/charles/.local/share/nvim/site/pack/packer/start/nvim-ts-rainbow/plugin/rainbow.vim
424.952  000.080  000.080: sourcing /home/charles/.local/share/nvim/site/pack/packer/start/nvim-web-devicons/plugin/nvim-web-devicons.vim
425.205  000.067  000.067: sourcing /home/charles/.local/share/nvim/site/pack/packer/start/plenary.nvim/plugin/plenary.vim
425.405  000.041  000.041: sourcing /home/charles/.local/share/nvim/site/pack/packer/start/renamer.nvim/plugin/renamer.vim
425.636  000.036  000.036: sourcing /home/charles/.local/share/nvim/site/pack/packer/start/sniprun/plugin/sniprun.vim
431.748  006.001  006.001: sourcing /home/charles/.local/share/nvim/site/pack/packer/start/symbols-outline.nvim/plugin/symbols-outline.vim
432.110  000.209  000.209: sourcing /home/charles/.local/share/nvim/site/pack/packer/start/tabular/plugin/Tabular.vim
433.420  000.948  000.948: sourcing /home/charles/.local/share/nvim/site/pack/packer/start/telescope.nvim/plugin/telescope.lua
433.611  000.051  000.051: sourcing /home/charles/.local/share/nvim/site/pack/packer/start/todo-comments.nvim/plugin/todo.vim
433.850  000.097  000.097: sourcing /home/charles/.local/share/nvim/site/pack/packer/start/vim-bbye/plugin/bbye.vim
434.082  000.133  000.133: sourcing /home/charles/.local/share/nvim/site/pack/packer/start/vim-illuminate/plugin/illuminate.vim
434.305  000.097  000.097: sourcing /home/charles/.local/share/nvim/site/pack/packer/start/vim-lastplace/plugin/vim-lastplace.vim
434.805  000.267  000.267: sourcing /home/charles/.local/share/nvim/site/pack/packer/start/vim-startuptime/plugin/startuptime.vim
434.975  000.043  000.043: sourcing /home/charles/.local/share/nvim/site/pack/packer/start/vimtex/plugin/vimtex.vim
435.155  007.918: loading packages
436.066  000.185  000.185: sourcing /home/charles/.local/share/nvim/site/pack/packer/start/tabular/autoload/tabular.vim
438.114  002.631  002.445: sourcing /home/charles/.local/share/nvim/site/pack/packer/start/tabular/after/plugin/TabularMaps.vim
438.660  000.414  000.414: sourcing /home/charles/.local/share/nvim/site/pack/packer/start/Comment.nvim/after/plugin/Comment.lua
439.386  000.618  000.618: sourcing /home/charles/.local/share/nvim/site/pack/packer/start/cmp-buffer/after/plugin/cmp_buffer.lua
440.534  000.907  000.907: sourcing /home/charles/.local/share/nvim/site/pack/packer/start/cmp-nvim-lsp/after/plugin/cmp_nvim_lsp.lua
440.856  000.228  000.228: sourcing /home/charles/.local/share/nvim/site/pack/packer/start/cmp-nvim-lua/after/plugin/cmp_nvim_lua.lua
441.301  000.378  000.378: sourcing /home/charles/.local/share/nvim/site/pack/packer/start/cmp-path/after/plugin/cmp_path.lua
441.775  000.344  000.344: sourcing /home/charles/.local/share/nvim/site/pack/packer/start/cmp_luasnip/after/plugin/cmp_luasnip.lua
441.866  001.191: loading after plugins
441.885  000.019: inits 3
441.892  000.008: reading ShaDa
443.255  001.363: opening buffers
443.903  000.065  000.065: sourcing /home/charles/.local/share/nvim/site/pack/packer/start/conflict-marker.vim/autoload/conflict_marker/detect.vim
443.998  000.678: BufEnter autocommands
444.002  000.004: editing files in windows
543.736  099.734: VimEnter autocommands
543.747  000.011: UIEnter autocommands
548.358  000.461  000.461: sourcing /home/charles/.local/share/bob/nightly/nvim-linux64/share/nvim/runtime/autoload/provider/clipboard.vim
548.390  004.182: before starting main loop
549.313  000.306  000.306: sourcing /home/charles/.local/share/nvim/site/pack/packer/start/vim-illuminate/autoload/illuminate.vim
554.392  005.696: first screen update
554.398  000.006: --- NVIM STARTED ---
