

times in msec
 clock   self+sourced   self:  sourced script
 clock   elapsed:              other lines

000.005  000.005: --- VIM STARTING ---
000.078  000.073: Allocated generic buffers
000.128  000.050: locale set
000.132  000.004: window checked
000.570  000.438: inits 1
000.596  000.026: parsing arguments
000.597  000.001: expanding arguments
000.620  000.023: shell init
000.943  000.323: Termcap init
000.962  000.019: inits 2
001.055  000.093: init highlight
001.061  000.006: sourcing vimrc file(s)
001.069  000.008: inits 3
001.078  000.009: setting raw mode
001.120  000.042: start termcap
001.134  000.014: clearing screen
001.234  000.100: opening buffers
001.235  000.001: BufEnter autocommands
001.237  000.002: editing files in windows
001.245  000.008: VimEnter autocommands
001.245  000.000: before starting main loop
001.618  000.373: first screen update
001.620  000.002: --- VIM STARTED ---


times in msec
 clock   self+sourced   self:  sourced script
 clock   elapsed:              other lines

000.010  000.010: --- NVIM STARTING ---
000.224  000.215: locale set
000.512  000.288: inits 1
000.523  000.011: window checked
000.527  000.004: parsing arguments
001.207  000.680: init lua interpreter
001.268  000.062: expanding arguments
001.318  000.049: inits 2
002.055  000.737: init highlight
002.062  000.008: waiting for UI
003.020  000.957: done waiting for UI
003.037  000.018: init screen for UI
003.065  000.028: init default mappings
003.102  000.036: init default autocommands
003.104  000.002: sourcing vimrc file(s)
003.120  000.017: inits 3
004.750  001.629: reading ShaDa
004.899  000.149: opening buffers
004.902  000.004: BufEnter autocommands
004.905  000.003: editing files in windows
004.910  000.005: VimEnter autocommands
004.913  000.003: UIEnter autocommands
004.915  000.002: before starting main loop
005.314  000.399: first screen update
005.316  000.003: --- NVIM STARTED ---
